[    0.000000] Linux version 4.15.0-42-generic (buildd@lgw01-amd64-023) (gcc version 7.3.0 (Ubuntu 7.3.0-16ubuntu3)) #45-Ubuntu SMP Thu Nov 15 19:32:57 UTC 2018 (Ubuntu 4.15.0-42.45-generic 4.15.18)
[    0.000000] Command line: BOOT_IMAGE=/boot/vmlinuz-4.15.0-42-generic root=LABEL=cloudimg-rootfs ro console=tty1 console=ttyS0
[    0.000000] KERNEL supported cpus:
[    0.000000]   Intel GenuineIntel
[    0.000000]   AMD AuthenticAMD
[    0.000000]   Centaur CentaurHauls
[    0.000000] x86/fpu: Supporting XSAVE feature 0x001: 'x87 floating point registers'
[    0.000000] x86/fpu: Supporting XSAVE feature 0x002: 'SSE registers'
[    0.000000] x86/fpu: Supporting XSAVE feature 0x004: 'AVX registers'
[    0.000000] x86/fpu: xstate_offset[2]:  576, xstate_sizes[2]:  256
[    0.000000] x86/fpu: Enabled xstate features 0x7, context size is 832 bytes, using 'standard' format.
[    0.000000] e820: BIOS-provided physical RAM map:
[    0.000000] BIOS-e820: [mem 0x0000000000000000-0x000000000009fbff] usable
[    0.000000] BIOS-e820: [mem 0x000000000009fc00-0x000000000009ffff] reserved
[    0.000000] BIOS-e820: [mem 0x00000000000f0000-0x00000000000fffff] reserved
[    0.000000] BIOS-e820: [mem 0x0000000000100000-0x000000003ffeffff] usable
[    0.000000] BIOS-e820: [mem 0x000000003fff0000-0x000000003fffffff] ACPI data
[    0.000000] BIOS-e820: [mem 0x00000000fec00000-0x00000000fec00fff] reserved
[    0.000000] BIOS-e820: [mem 0x00000000fee00000-0x00000000fee00fff] reserved
[    0.000000] BIOS-e820: [mem 0x00000000fffc0000-0x00000000ffffffff] reserved
[    0.000000] NX (Execute Disable) protection: active
[    0.000000] SMBIOS 2.5 present.
[    0.000000] DMI: innotek GmbH VirtualBox/VirtualBox, BIOS VirtualBox 12/01/2006
[    0.000000] Hypervisor detected: KVM
[    0.000000] e820: last_pfn = 0x3fff0 max_arch_pfn = 0x400000000
[    0.000000] MTRR: Disabled
[    0.000000] x86/PAT: MTRRs disabled, skipping PAT initialization too.
[    0.000000] CPU MTRRs all blank - virtualized system.
[    0.000000] x86/PAT: Configuration [0-7]: WB  WT  UC- UC  WB  WT  UC- UC  
[    0.000000] found SMP MP-table at [mem 0x0009fff0-0x0009ffff] mapped at [        (ptrval)]
[    0.000000] Scanning 1 areas for low memory corruption
[    0.000000] RAMDISK: [mem 0x35ae5000-0x36d69fff]
[    0.000000] ACPI: Early table checksum verification disabled
[    0.000000] ACPI: RSDP 0x00000000000E0000 000024 (v02 VBOX  )
[    0.000000] ACPI: XSDT 0x000000003FFF0030 00003C (v01 VBOX   VBOXXSDT 00000001 ASL  00000061)
[    0.000000] ACPI: FACP 0x000000003FFF00F0 0000F4 (v04 VBOX   VBOXFACP 00000001 ASL  00000061)
[    0.000000] ACPI: DSDT 0x000000003FFF0470 0021FF (v02 VBOX   VBOXBIOS 00000002 INTL 20180629)
[    0.000000] ACPI: FACS 0x000000003FFF0200 000040
[    0.000000] ACPI: FACS 0x000000003FFF0200 000040
[    0.000000] ACPI: APIC 0x000000003FFF0240 000054 (v02 VBOX   VBOXAPIC 00000001 ASL  00000061)
[    0.000000] ACPI: SSDT 0x000000003FFF02A0 0001CC (v01 VBOX   VBOXCPUT 00000002 INTL 20180629)
[    0.000000] No NUMA configuration found
[    0.000000] Faking a node at [mem 0x0000000000000000-0x000000003ffeffff]
[    0.000000] NODE_DATA(0) allocated [mem 0x3ffc5000-0x3ffeffff]
[    0.000000] kvm-clock: cpu 0, msr 0:3ff44001, primary cpu clock
[    0.000000] kvm-clock: Using msrs 4b564d01 and 4b564d00
[    0.000000] kvm-clock: using sched offset of 3859336256 cycles
[    0.000000] clocksource: kvm-clock: mask: 0xffffffffffffffff max_cycles: 0x1cd42e4dffb, max_idle_ns: 881590591483 ns
[    0.000000] Zone ranges:
[    0.000000]   DMA      [mem 0x0000000000001000-0x0000000000ffffff]
[    0.000000]   DMA32    [mem 0x0000000001000000-0x000000003ffeffff]
[    0.000000]   Normal   empty
[    0.000000]   Device   empty
[    0.000000] Movable zone start for each node
[    0.000000] Early memory node ranges
[    0.000000]   node   0: [mem 0x0000000000001000-0x000000000009efff]
[    0.000000]   node   0: [mem 0x0000000000100000-0x000000003ffeffff]
[    0.000000] Initmem setup node 0 [mem 0x0000000000001000-0x000000003ffeffff]
[    0.000000] Reserved but unavailable: 98 pages
[    0.000000] ACPI: PM-Timer IO Port: 0x4008
[    0.000000] IOAPIC[0]: apic_id 1, version 32, address 0xfec00000, GSI 0-23
[    0.000000] ACPI: INT_SRC_OVR (bus 0 bus_irq 0 global_irq 2 dfl dfl)
[    0.000000] ACPI: INT_SRC_OVR (bus 0 bus_irq 9 global_irq 9 low level)
[    0.000000] Using ACPI (MADT) for SMP configuration information
[    0.000000] smpboot: Allowing 1 CPUs, 0 hotplug CPUs
[    0.000000] PM: Registered nosave memory: [mem 0x00000000-0x00000fff]
[    0.000000] PM: Registered nosave memory: [mem 0x0009f000-0x0009ffff]
[    0.000000] PM: Registered nosave memory: [mem 0x000a0000-0x000effff]
[    0.000000] PM: Registered nosave memory: [mem 0x000f0000-0x000fffff]
[    0.000000] e820: [mem 0x40000000-0xfebfffff] available for PCI devices
[    0.000000] Booting paravirtualized kernel on KVM
[    0.000000] clocksource: refined-jiffies: mask: 0xffffffff max_cycles: 0xffffffff, max_idle_ns: 7645519600211568 ns
[    0.000000] random: get_random_bytes called from start_kernel+0x99/0x4fd with crng_init=0
[    0.000000] setup_percpu: NR_CPUS:8192 nr_cpumask_bits:1 nr_cpu_ids:1 nr_node_ids:1
[    0.000000] percpu: Embedded 46 pages/cpu @        (ptrval) s151552 r8192 d28672 u2097152
[    0.000000] PV qspinlock hash table entries: 256 (order: 0, 4096 bytes)
[    0.000000] Built 1 zonelists, mobility grouping on.  Total pages: 257913
[    0.000000] Policy zone: DMA32
[    0.000000] Kernel command line: BOOT_IMAGE=/boot/vmlinuz-4.15.0-42-generic root=LABEL=cloudimg-rootfs ro console=tty1 console=ttyS0
[    0.000000] Memory: 983804K/1048120K available (12300K kernel code, 2472K rwdata, 4252K rodata, 2408K init, 2416K bss, 64316K reserved, 0K cma-reserved)
[    0.000000] SLUB: HWalign=64, Order=0-3, MinObjects=0, CPUs=1, Nodes=1
[    0.000000] Kernel/User page tables isolation: enabled
[    0.000000] ftrace: allocating 39186 entries in 154 pages
[    0.004000] Hierarchical RCU implementation.
[    0.004000] 	RCU restricting CPUs from NR_CPUS=8192 to nr_cpu_ids=1.
[    0.004000] 	Tasks RCU enabled.
[    0.004000] RCU: Adjusting geometry for rcu_fanout_leaf=16, nr_cpu_ids=1
[    0.004000] NR_IRQS: 524544, nr_irqs: 256, preallocated irqs: 16
[    0.004000] Console: colour VGA+ 80x25
[    0.004000] console [tty1] enabled
[    0.004000] console [ttyS0] enabled
[    0.004000] ACPI: Core revision 20170831
[    0.004000] ACPI: 2 ACPI AML tables successfully acquired and loaded
[    0.004000] APIC: Switch to symmetric I/O mode setup
[    0.004000] x2apic enabled
[    0.004000] Switched APIC routing to physical x2apic.
[    0.004000] ..TIMER: vector=0x30 apic1=0 pin1=2 apic2=-1 pin2=-1
[    0.004005] tsc: Detected 2294.686 MHz processor
[    0.004880] Calibrating delay loop (skipped) preset value.. 4589.37 BogoMIPS (lpj=9178744)
[    0.005499] pid_max: default: 32768 minimum: 301
[    0.008038] Security Framework initialized
[    0.008809] Yama: becoming mindful.
[    0.009500] AppArmor: AppArmor initialized
[    0.010999] Dentry cache hash table entries: 131072 (order: 8, 1048576 bytes)
[    0.012082] Inode-cache hash table entries: 65536 (order: 7, 524288 bytes)
[    0.013307] Mount-cache hash table entries: 2048 (order: 2, 16384 bytes)
[    0.014490] Mountpoint-cache hash table entries: 2048 (order: 2, 16384 bytes)
[    0.016267] mce: CPU supports 0 MCE banks
[    0.017054] process: using mwait in idle threads
[    0.017910] Last level iTLB entries: 4KB 1024, 2MB 1024, 4MB 1024
[    0.018996] Last level dTLB entries: 4KB 1024, 2MB 1024, 4MB 1024, 1GB 4
[    0.020003] Spectre V2 : Mitigation: Full generic retpoline
[    0.021009] Spectre V2 : Spectre v2 / SpectreRSB mitigation: Filling RSB on context switch
[    0.022495] Speculative Store Bypass: Vulnerable
[    0.042207] Freeing SMP alternatives memory: 36K
[    0.048000] smpboot: CPU0: Intel(R) Core(TM) i5-4200U CPU @ 1.60GHz (family: 0x6, model: 0x45, stepping: 0x1)
[    0.048000] Performance Events: unsupported p6 CPU model 69 no PMU driver, software events only.
[    0.048000] Hierarchical SRCU implementation.
[    0.048678] NMI watchdog: Perf event create on CPU 0 failed with -2
[    0.049850] NMI watchdog: Perf NMI watchdog permanently disabled
[    0.050962] smp: Bringing up secondary CPUs ...
[    0.052003] smp: Brought up 1 node, 1 CPU
[    0.052787] smpboot: Max logical packages: 1
[    0.053585] smpboot: Total of 1 processors activated (4589.37 BogoMIPS)
[    0.054900] devtmpfs: initialized
[    0.055614] x86/mm: Memory block size: 128MB
[    0.056151] evm: security.selinux
[    0.056804] evm: security.SMACK64
[    0.057447] evm: security.SMACK64EXEC
[    0.058146] evm: security.SMACK64TRANSMUTE
[    0.058916] evm: security.SMACK64MMAP
[    0.060004] evm: security.apparmor
[    0.060664] evm: security.ima
[    0.061251] evm: security.capability
[    0.062038] clocksource: jiffies: mask: 0xffffffff max_cycles: 0xffffffff, max_idle_ns: 7645041785100000 ns
[    0.063857] futex hash table entries: 256 (order: 2, 16384 bytes)
[    0.064045] pinctrl core: initialized pinctrl subsystem
[    0.065104] RTC time: 14:37:59, date: 12/16/18
[    0.066033] NET: Registered protocol family 16
[    0.068076] audit: initializing netlink subsys (disabled)
[    0.069190] cpuidle: using governor ladder
[    0.069970] cpuidle: using governor menu
[    0.070743] ACPI: bus type PCI registered
[    0.072003] acpiphp: ACPI Hot Plug PCI Controller Driver version: 0.5
[    0.073295] PCI: Using configuration type 1 for base access
[    0.074329] audit: type=2000 audit(1544971084.724:1): state=initialized audit_enabled=0 res=1
[    0.076633] HugeTLB registered 2.00 MiB page size, pre-allocated 0 pages
[    0.078487] ACPI: Added _OSI(Module Device)
[    0.080006] ACPI: Added _OSI(Processor Device)
[    0.080869] ACPI: Added _OSI(3.0 _SCP Extensions)
[    0.081734] ACPI: Added _OSI(Processor Aggregator Device)
[    0.082717] ACPI: Added _OSI(Linux-Dell-Video)
[    0.083595] ACPI: Added _OSI(Linux-Lenovo-NV-HDMI-Audio)
[    0.084330] ACPI: Executed 1 blocks of module-level executable AML code
[    0.089992] ACPI: Interpreter enabled
[    0.090826] ACPI: (supports S0 S5)
[    0.091573] ACPI: Using IOAPIC for interrupt routing
[    0.092354] PCI: Using host bridge windows from ACPI; if necessary, use "pci=nocrs" and report a bug
[    0.096233] ACPI: Enabled 2 GPEs in block 00 to 07
[    0.104701] ACPI: PCI Root Bridge [PCI0] (domain 0000 [bus 00-ff])
[    0.108023] acpi PNP0A03:00: _OSC: OS supports [ASPM ClockPM Segments MSI]
[    0.112051] acpi PNP0A03:00: _OSC: not requesting OS control; OS requires [ExtendedConfig ASPM ClockPM MSI]
[    0.116206] acpi PNP0A03:00: fail to add MMCONFIG information, can't access extended PCI configuration space under this bridge.
[    0.120397] PCI host bridge to bus 0000:00
[    0.121286] pci_bus 0000:00: root bus resource [io  0x0000-0x0cf7 window]
[    0.122481] pci_bus 0000:00: root bus resource [io  0x0d00-0xffff window]
[    0.124004] pci_bus 0000:00: root bus resource [mem 0x000a0000-0x000bffff window]
[    0.125354] pci_bus 0000:00: root bus resource [mem 0x40000000-0xfdffffff window]
[    0.126737] pci_bus 0000:00: root bus resource [bus 00-ff]
[    0.129767] pci 0000:00:01.1: legacy IDE quirk: reg 0x10: [io  0x01f0-0x01f7]
[    0.131030] pci 0000:00:01.1: legacy IDE quirk: reg 0x14: [io  0x03f6]
[    0.132003] pci 0000:00:01.1: legacy IDE quirk: reg 0x18: [io  0x0170-0x0177]
[    0.133253] pci 0000:00:01.1: legacy IDE quirk: reg 0x1c: [io  0x0376]
[    0.159213] pci 0000:00:07.0: quirk: [io  0x4000-0x403f] claimed by PIIX4 ACPI
[    0.160027] pci 0000:00:07.0: quirk: [io  0x4100-0x410f] claimed by PIIX4 SMB
[    0.177156] ACPI: PCI Interrupt Link [LNKA] (IRQs 5 9 10 *11)
[    0.180349] ACPI: PCI Interrupt Link [LNKB] (IRQs 5 9 *10 11)
[    0.184132] ACPI: PCI Interrupt Link [LNKC] (IRQs 5 *9 10 11)
[    0.188137] ACPI: PCI Interrupt Link [LNKD] (IRQs 5 9 10 *11)
[    0.189590] SCSI subsystem initialized
[    0.192149] pci 0000:00:02.0: vgaarb: setting as boot VGA device
[    0.193167] pci 0000:00:02.0: vgaarb: VGA device added: decodes=io+mem,owns=io+mem,locks=none
[    0.194620] pci 0000:00:02.0: vgaarb: bridge control possible
[    0.195591] vgaarb: loaded
[    0.196040] ACPI: bus type USB registered
[    0.196784] usbcore: registered new interface driver usbfs
[    0.197726] usbcore: registered new interface driver hub
[    0.198680] usbcore: registered new device driver usb
[    0.199614] EDAC MC: Ver: 3.0.0
[    0.200300] PCI: Using ACPI for IRQ routing
[    0.201357] NetLabel: Initializing
[    0.201991] NetLabel:  domain hash size = 128
[    0.202757] NetLabel:  protocols = UNLABELED CIPSOv4 CALIPSO
[    0.204029] NetLabel:  unlabeled traffic allowed by default
[    0.205099] clocksource: Switched to clocksource kvm-clock
[    0.216851] VFS: Disk quotas dquot_6.6.0
[    0.367953] VFS: Dquot-cache hash table entries: 512 (order 0, 4096 bytes)
[    0.369380] AppArmor: AppArmor Filesystem Enabled
[    0.370276] pnp: PnP ACPI init
[    0.372073] pnp: PnP ACPI: found 3 devices
[    0.378721] clocksource: acpi_pm: mask: 0xffffff max_cycles: 0xffffff, max_idle_ns: 2085701024 ns
[    0.458870] NET: Registered protocol family 2
[    0.459887] TCP established hash table entries: 8192 (order: 4, 65536 bytes)
[    0.461184] TCP bind hash table entries: 8192 (order: 5, 131072 bytes)
[    0.462339] TCP: Hash tables configured (established 8192 bind 8192)
[    0.464064] UDP hash table entries: 512 (order: 2, 16384 bytes)
[    0.465124] UDP-Lite hash table entries: 512 (order: 2, 16384 bytes)
[    0.466278] NET: Registered protocol family 1
[    0.468236] pci 0000:00:00.0: Limiting direct PCI/PCI transfers
[    0.469385] pci 0000:00:01.0: Activating ISA DMA hang workarounds
[    0.470554] pci 0000:00:02.0: Video device with shadowed ROM at [mem 0x000c0000-0x000dffff]
[    0.472126] Unpacking initramfs...
[    0.761568] Freeing initrd memory: 18964K
[    0.897972] platform rtc_cmos: registered platform RTC device (no PNP device found)
[    0.938943] Scanning for low memory corruption every 60 seconds
[    0.940572] Initialise system trusted keyrings
[    0.941377] Key type blacklist registered
[    0.942137] workingset: timestamp_bits=36 max_order=18 bucket_order=0
[    0.945002] zbud: loaded
[    0.950250] squashfs: version 4.0 (2009/01/31) Phillip Lougher
[    0.951921] fuse init (API version 7.26)
[    0.954260] Key type asymmetric registered
[    0.955342] Asymmetric key parser 'x509' registered
[    0.956626] Block layer SCSI generic (bsg) driver version 0.4 loaded (major 246)
[    0.958569] io scheduler noop registered
[    1.007937] io scheduler deadline registered
[    1.008955] io scheduler cfq registered (default)
[    1.010240] ACPI: AC Adapter [AC] (on-line)
[    1.011171] input: Power Button as /devices/LNXSYSTM:00/LNXPWRBN:00/input/input0
[    1.012607] ACPI: Power Button [PWRF]
[    1.013373] input: Sleep Button as /devices/LNXSYSTM:00/LNXSLPBN:00/input/input1
[    1.014722] ACPI: Sleep Button [SLPF]
[    1.016358] ACPI: Battery Slot [BAT0] (battery present)
[    1.028590] Serial: 8250/16550 driver, 32 ports, IRQ sharing enabled
[    1.051969] 00:02: ttyS0 at I/O 0x3f8 (irq = 4, base_baud = 115200) is a 16550A
[    1.054621] Linux agpgart interface v0.103
[    1.056439] loop: module loaded
[    1.057538] scsi host0: ata_piix
[    1.058297] scsi host1: ata_piix
[    1.059000] ata1: PATA max UDMA/33 cmd 0x1f0 ctl 0x3f6 bmdma 0xd000 irq 14
[    1.060009] ata2: PATA max UDMA/33 cmd 0x170 ctl 0x376 bmdma 0xd008 irq 15
[    1.062002] libphy: Fixed MDIO Bus: probed
[    1.062784] tun: Universal TUN/TAP device driver, 1.6
[    1.063771] PPP generic driver version 2.4.2
[    1.064634] ehci_hcd: USB 2.0 'Enhanced' Host Controller (EHCI) Driver
[    1.065803] ehci-pci: EHCI PCI platform driver
[    1.066642] ehci-platform: EHCI generic platform driver
[    1.177900] ohci_hcd: USB 1.1 'Open' Host Controller (OHCI) Driver
[    1.278354] ohci-pci: OHCI PCI platform driver
[    1.279172] ohci-platform: OHCI generic platform driver
[    1.280077] uhci_hcd: USB Universal Host Controller Interface driver
[    1.281242] i8042: PNP: PS/2 Controller [PNP0303:PS2K,PNP0f03:PS2M] at 0x60,0x64 irq 1,12
[    1.283104] serio: i8042 KBD port at 0x60,0x64 irq 1
[    1.284005] serio: i8042 AUX port at 0x60,0x64 irq 12
[    1.284981] mousedev: PS/2 mouse device common for all mice
[    1.286192] input: AT Translated Set 2 keyboard as /devices/platform/i8042/serio0/input/input2
[    1.288025] rtc_cmos rtc_cmos: rtc core: registered rtc_cmos as rtc0
[    1.289182] rtc_cmos rtc_cmos: alarms up to one day, 114 bytes nvram
[    1.290257] i2c /dev entries driver
[    1.290912] pcie_mp2_amd: AMD(R) PCI-E MP2 Communication Driver Version: 1.0
[    1.292150] device-mapper: uevent: version 1.0.3
[    1.293055] device-mapper: ioctl: 4.37.0-ioctl (2017-09-20) initialised: dm-devel@redhat.com
[    1.294497] ledtrig-cpu: registered to indicate activity on CPUs
[    1.296977] NET: Registered protocol family 10
[    1.302131] Segment Routing with IPv6
[    1.302908] NET: Registered protocol family 17
[    1.303736] Key type dns_resolver registered
[    1.304633] RAS: Correctable Errors collector initialized.
[    1.305586] sched_clock: Marking stable (1304506413, 0)->(1976619388, -672112975)
[    1.307043] registered taskstats version 1
[    1.307788] Loading compiled-in X.509 certificates
[    1.310924] Loaded X.509 cert 'Build time autogenerated kernel key: 1663f0131deec003b89e364b3e1eacfdeb38eccf'
[    1.312639] zswap: loaded using pool lzo/zbud
[    1.316369] Key type big_key registered
[    1.317086] Key type trusted registered
[    1.319193] Key type encrypted registered
[    1.321192] AppArmor: AppArmor sha1 policy hashing enabled
[    1.323056] ima: No TPM chip found, activating TPM-bypass! (rc=-19)
[    1.324163] ima: Allocated hash algorithm: sha1
[    1.324973] evm: HMAC attrs: 0x1
[    1.325825]   Magic number: 14:305:637
[    1.326583] rtc_cmos rtc_cmos: setting system clock to 2018-12-16 14:38:00 UTC (1544971080)
[    1.328075] BIOS EDD facility v0.16 2004-Jun-25, 0 devices found
[    1.329121] EDD information not available.
[    1.332614] Freeing unused kernel memory: 2408K
[    1.340047] Write protecting the kernel read-only data: 20480k
[    1.398771] Freeing unused kernel memory: 2008K
[    1.403497] Freeing unused kernel memory: 1892K
[    1.410255] x86/mm: Checked W+X mappings: passed, no W+X pages found.
[    1.411439] x86/mm: Checking user space page tables
[    1.418132] x86/mm: Checked W+X mappings: passed, no W+X pages found.
Loading, please wait...
starting version 237
[    1.520316] e1000: Intel(R) PRO/1000 Network Driver - version 7.3.21-k8-NAPI
[    1.528840] e1000: Copyright (c) 1999-2006 Intel Corporation.
[    1.534611] Fusion MPT base driver 3.04.20
[    1.535469] Copyright (c) 1999-2008 LSI Corporation
[    1.554776] Fusion MPT SPI Host driver 3.04.20
[    1.578067] AVX2 version of gcm_enc/dec engaged.
[    1.579035] AES CTR mode by8 optimization enabled
[    1.582479] mptbase: ioc0: Initiating bringup
[    1.680412] ioc0: LSI53C1030 A0: Capabilities={Initiator}
[    1.747573] input: ImExPS/2 Generic Explorer Mouse as /devices/platform/i8042/serio1/input/input4
[    1.920232] tsc: Refined TSC clocksource calibration: 2296.140 MHz
[    1.923996] clocksource: tsc: mask: 0xffffffffffffffff max_cycles: 0x2118f6d9d35, max_idle_ns: 440795255864 ns
[    1.929668] scsi host2: ioc0: LSI53C1030 A0, FwRev=00000000h, Ports=1, MaxQ=256, IRQ=20
[    2.096397] scsi 2:0:0:0: Direct-Access     VBOX     HARDDISK         1.0  PQ: 0 ANSI: 5
[    2.098130] scsi target2:0:0: Beginning Domain Validation
[    2.101158] scsi target2:0:0: Domain Validation skipping write tests
[    2.102270] scsi target2:0:0: Ending Domain Validation
[    2.106989] random: fast init done
[    2.107665] scsi target2:0:0: asynchronous
[    2.108842] scsi 2:0:1:0: Direct-Access     VBOX     HARDDISK         1.0  PQ: 0 ANSI: 5
[    2.110225] scsi target2:0:1: Beginning Domain Validation
[    2.111924] scsi target2:0:1: Domain Validation skipping write tests
[    2.113021] scsi target2:0:1: Ending Domain Validation
[    2.113951] scsi target2:0:1: asynchronous
[    2.118585] random: systemd-udevd: uninitialized urandom read (16 bytes read)
[    2.119800] random: systemd-udevd: uninitialized urandom read (16 bytes read)
[    2.121037] random: systemd-udevd: uninitialized urandom read (16 bytes read)
[    2.122515] sd 2:0:0:0: [sda] 20971520 512-byte logical blocks: (10.7 GB/10.0 GiB)
[    2.123881] sd 2:0:0:0: [sda] Write Protect is off
[    2.124883] sd 2:0:0:0: Attached scsi generic sg0 type 0
[    2.125826] sd 2:0:0:0: [sda] Incomplete mode parameter data
[    2.126782] sd 2:0:0:0: [sda] Assuming drive cache: write through
[    2.128597] sd 2:0:1:0: Attached scsi generic sg1 type 0
[    2.130152] sd 2:0:1:0: [sdb] 20480 512-byte logical blocks: (10.5 MB/10.0 MiB)
[    2.131536] sd 2:0:1:0: [sdb] Write Protect is off
[    2.132586] sd 2:0:1:0: [sdb] Incomplete mode parameter data
[    2.133591] sd 2:0:1:0: [sdb] Assuming drive cache: write through
[    2.134620]  sda: sda1
[    2.135904] sd 2:0:0:0: [sda] Attached SCSI disk
[    2.203883] sd 2:0:1:0: [sdb] Attached SCSI disk
[    2.515871] e1000 0000:00:03.0 eth0: (PCI:33MHz:32-bit) 02:b3:4a:7a:21:f1
[    2.518130] e1000 0000:00:03.0 eth0: Intel(R) PRO/1000 Network Connection
[    2.886706] e1000 0000:00:08.0 eth1: (PCI:33MHz:32-bit) 08:00:27:cf:9b:ee
[    2.888467] e1000 0000:00:08.0 eth1: Intel(R) PRO/1000 Network Connection
[    2.890697] e1000 0000:00:08.0 enp0s8: renamed from eth1
[    2.893445] e1000 0000:00:03.0 enp0s3: renamed from eth0
Begin: Loading essential drivers ... [    4.377597] raid6: sse2x1   gen()  9897 MB/s
[    4.517749] raid6: sse2x1   xor()  6926 MB/s
[    4.687605] raid6: sse2x2   gen() 11755 MB/s
[    4.867603] raid6: sse2x2   xor()  7604 MB/s
[    5.047606] raid6: sse2x4   gen() 13963 MB/s
[    5.227604] raid6: sse2x4   xor()  8656 MB/s
[    5.317638] raid6: avx2x1   gen() 16748 MB/s
[    5.407570] raid6: avx2x1   xor() 12832 MB/s
[    5.507569] raid6: avx2x2   gen() 22319 MB/s
[    5.607570] raid6: avx2x2   xor() 12944 MB/s
[    5.787570] raid6: avx2x4   gen() 25556 MB/s
[    5.887571] raid6: avx2x4   xor() 15792 MB/s
[    5.948145] raid6: using algorithm avx2x4 gen() 25556 MB/s
[    5.949059] raid6: .... xor() 15792 MB/s, rmw enabled
[    5.949908] raid6: using avx2x2 recovery algorithm
[    5.953004] xor: automatically using best checksumming function   avx       
[    5.956044] async_tx: api initialized (async)
done.
Begin: Running /[    6.017181] Btrfs loaded, crc32c=crc32c-intel
scripts/init-premount ... done.
Begin: Mounting root file system ... Begin: Running /scripts/local-top ... done.
Begin: Running /scripts/local-premount ... Scanning for Btrfs filesystems
done.
Warning: fsck not present, so skipping root file system
[    6.094248] EXT4-fs (sda1): mounted filesystem with ordered data mode. Opts: (null)
done.
Begin: Running /scripts/local-bottom ... done.
Begin: Running /scripts/init-bottom ... done.
[    7.010069] ip_tables: (C) 2000-2006 Netfilter Core Team
[    7.103041] systemd[1]: systemd 237 running in system mode. (+PAM +AUDIT +SELINUX +IMA +APPARMOR +SMACK +SYSVINIT +UTMP +LIBCRYPTSETUP +GCRYPT +GNUTLS +ACL +XZ +LZ4 +SECCOMP +BLKID +ELFUTILS +KMOD -IDN2 +IDN -PCRE2 default-hierarchy=hybrid)
[    7.112974] systemd[1]: Detected virtualization oracle.
[    7.125080] systemd[1]: Detected architecture x86-64.

Welcome to [1mUbuntu 18.04.1 LTS[0m!

[    7.160181] systemd[1]: Set hostname to <ubuntu>.
[    7.170411] systemd[1]: Initializing machine ID from random generator.
[    7.173374] systemd[1]: Installed transient /etc/machine-id file.
[    8.124412] random: crng init done
[    8.126755] random: 7 urandom warning(s) missed due to ratelimiting
[    8.205432] systemd[1]: Created slice System Slice.
[[0;32m  OK  [0m] Created slice System Slice.
[    8.207572] systemd[1]: Listening on Syslog Socket.
[[0;32m  OK  [0m] Listening on Syslog Socket.
[    8.209585] systemd[1]: Started Forward Password Requests to Wall Directory Watch.
[[0;32m  OK  [0m] Started Forward Password Requests to Wall Directory Watch.
[    8.212663] systemd[1]: Created slice User and Session Slice.
[[0;32m  OK  [0m] Created slice User and Session Slice.
[[0;32m  OK  [0m] Listening on LVM2 poll daemon socket.
[[0;32m  OK  [0m] Listening on /dev/initctl Compatibility Named Pipe.
[[0;32m  OK  [0m] Listening on Network Service Netlink Socket.
[[0;32m  OK  [0m] Set up automount Arbitrary Executab…rmats File System Automount Point.
[[0;32m  OK  [0m] Listening on udev Control Socket.
[[0;32m  OK  [0m] Listening on udev Kernel Socket.
[[0;32m  OK  [0m] Reached target Slices.
[[0;32m  OK  [0m] Reached target Swap.
[[0;32m  OK  [0m] Created slice system-serial\x2dgetty.slice.
[[0;32m  OK  [0m] Reached target System Time Synchronized.
[[0;32m  OK  [0m] Listening on Journal Socket (/dev/log).
[[0;32m  OK  [0m] Listening on LVM2 metadata daemon socket.
[[0;32m  OK  [0m] Reached target User and Group Name Lookups.
[[0;32m  OK  [0m] Listening on Journal Audit Socket.
[[0;32m  OK  [0m] Listening on Journal Socket.
         Starting udev Coldplug all Devices...
         Starting Load Kernel Modules...
         Starting Set the console keyboard layout...
         Starting Uncomplicated firewall...
         Mounting Kernel Debug File System...
         Starting Journal Service...
         Mounting POSIX Message Queue File System...
         Mounting Huge Pages File System...
         Starting Create list of required st…ce nodes for the current kernel...
         Starting Remount Root and Kernel File Systems...
[[0;32m  OK  [0m] Listening on Device-mapper event daemon FIFOs.
         Starting Monitoring of LVM2 mirrors…ng dmeventd or progress polling...
[[0;32m  OK  [0m] Started Journal Service.
[[0;32m  OK  [0m] Started Uncomplicated firewall.
[[0;32m  OK  [0m] Started Create list of required sta…vice nodes for the current kernel.
[[0;32m  OK  [0m] Started udev Coldplug all Devices.
         Starting Create Static Device Nodes in /dev...
[    8.610245] Loading iSCSI transport class v2.0-870.
[    8.830565] iscsi: registered transport (tcp)
[[0;32m  OK  [0m] Started Create Static Device Nodes in /dev.
[    9.018088] iscsi: registered transport (iser)
[[0;32m  OK  [0m] Started Load Kernel Modules.
         Mounting Kernel Configuration File System...
         Starting Apply Kernel Variables...
         Mounting FUSE Control File System...
[[0;32m  OK  [0m] Started Apply Kernel Variables.
[[0;32m  OK  [0m] Mounted POSIX Message Queue File System.
[[0;32m  OK  [0m] Mounted Kernel Debug File System.
[[0;32m  OK  [0m] Mounted Huge Pages File System.
[[0;32m  OK  [0m] Mounted Kernel Configuration File System.
[[0;32m  OK  [0m] Mounted FUSE Control File System.
[[0;32m  OK  [0m] Started LVM2 metadata daemon.
[[0;32m  OK  [0m] Started Remount Root and Kernel File Systems.
         Starting Flush Journal to Persistent Storage...
         Starting Initial cloud-init job (pre-networking)...
         Starting Load/Save Random Seed...
         Starting udev Kernel Device Manager...
[[0;32m  OK  [0m] Started Load/Save Random Seed.
[[0;32m  OK  [0m] Started Monitoring of LVM2 mirrors,…sing dmeventd or progress polling.
[[0;32m  OK  [0m] Started udev Kernel Device Manager.
[[0;32m  OK  [0m] Started Flush Journal to Persistent Storage.
[[0;32m  OK  [0m] Found device /dev/ttyS0.
[[0;32m  OK  [0m] Listening on Load/Save RF Kill Switch Status /dev/rfkill Watch.
[[0;32m  OK  [0m] Started Set the console keyboard layout.
[[0;32m  OK  [0m] Reached target Local File Systems (Pre).
[[0;32m  OK  [0m] Reached target Local File Systems.
         Starting Tell Plymouth To Write Out Runtime Data...
         Starting AppArmor initialization...
         Starting Set console font and keymap...
         Starting ebtables ruleset management...
         Starting Create Volatile Files and Directories...
         Starting Commit a transient machine-id on disk...
[[0;32m  OK  [0m] Started Dispatch Password Requests to Console Directory Watch.
[[0;32m  OK  [0m] Reached target Local Encrypted Volumes.
[[0;32m  OK  [0m] Started Tell Plymouth To Write Out Runtime Data.
[[0;32m  OK  [0m] Started Set console font and keymap.
[[0;32m  OK  [0m] Started Commit a transient machine-id on disk.
[[0;32m  OK  [0m] Started Create Volatile Files and Directories.
         Starting Update UTMP about System Boot/Shutdown...
[[0;32m  OK  [0m] Started Update UTMP about System Boot/Shutdown.
[[0;32m  OK  [0m] Started ebtables ruleset management.
[   16.456495] cloud-init[400]: Cloud-init v. 18.4-0ubuntu1~18.04.1 running 'init-local' at Sun, 16 Dec 2018 14:38:14 +0000. Up 15.58 seconds.
[[0;32m  OK  [0m] Started Initial cloud-init job (pre-networking).
[[0;32m  OK  [0m] Reached target Network (Pre).
         Starting Network Service...
[[0;32m  OK  [0m] Started Network Service.
         Starting Network Name Resolution...
         Starting Wait for Network to be Configured...
[[0;32m  OK  [0m] Started Network Name Resolution.
[[0;32m  OK  [0m] Reached target Host and Network Name Lookups.
[[0;32m  OK  [0m] Reached target Network.
[[0;32m  OK  [0m] Started AppArmor initialization.
[[0;32m  OK  [0m] Started Wait for Network to be Configured.
         Starting Initial cloud-init job (metadata service crawler)...
[   18.713763] cloud-init[784]: Cloud-init v. 18.4-0ubuntu1~18.04.1 running 'init' at Sun, 16 Dec 2018 14:38:17 +0000. Up 18.49 seconds.
[   18.719446] cloud-init[784]: ci-info: ++++++++++++++++++++++++++++++++++++++Net device info+++++++++++++++++++++++++++++++++++++++
[   18.722002] cloud-init[784]: ci-info: +--------+-------+----------------------------+---------------+--------+-------------------+
[   18.727014] cloud-init[784]: ci-info: | Device |   Up  |          Address           |      Mask     | Scope  |     Hw-Address    |
[   18.729333] cloud-init[784]: ci-info: +--------+-------+----------------------------+---------------+--------+-------------------+
[   18.731616] cloud-init[784]: ci-info: | enp0s3 |  True |         10.0.2.15          | 255.255.255.0 | global | 02:b3:4a:7a:21:f1 |
[   18.733982] cloud-init[784]: ci-info: | enp0s3 |  True | fe80::b3:4aff:fe7a:21f1/64 |       .       |  link  | 02:b3:4a:7a:21:f1 |
[   18.738048] cloud-init[784]: ci-info: | enp0s8 | False |             .              |       .       |   .    | 08:00:27:cf:9b:ee |
[   18.745976] cloud-init[784]: ci-info: |   lo   |  True |         127.0.0.1          |   255.0.0.0   |  host  |         .         |
[   18.781506] cloud-init[784]: ci-info: |   lo   |  True |          ::1/128           |       .       |  host  |         .         |
[   18.788633] cloud-init[784]: ci-info: +--------+-------+----------------------------+---------------+--------+-------------------+
[   18.793730] cloud-init[784]: ci-info: ++++++++++++++++++++++++++++Route IPv4 info+++++++++++++++++++++++++++++
[   18.795361] cloud-init[784]: ci-info: +-------+-------------+----------+-----------------+-----------+-------+
[   18.796967] cloud-init[784]: ci-info: | Route | Destination | Gateway  |     Genmask     | Interface | Flags |
[   18.798566] cloud-init[784]: ci-info: +-------+-------------+----------+-----------------+-----------+-------+
[   18.808846] cloud-init[784]: ci-info: |   0   |   0.0.0.0   | 10.0.2.2 |     0.0.0.0     |   enp0s3  |   UG  |
[   18.810653] cloud-init[784]: ci-info: |   1   |   10.0.2.0  | 0.0.0.0  |  255.255.255.0  |   enp0s3  |   U   |
[   18.815372] cloud-init[784]: ci-info: |   2   |   10.0.2.2  | 0.0.0.0  | 255.255.255.255 |   enp0s3  |   UH  |
[   18.819286] cloud-init[784]: ci-info: +-------+-------------+----------+-----------------+-----------+-------+
[   18.824239] cloud-init[784]: ci-info: +++++++++++++++++++Route IPv6 info+++++++++++++++++++
[   18.828948] cloud-init[784]: ci-info: +-------+-------------+---------+-----------+-------+
[   18.830702] cloud-init[784]: ci-info: | Route | Destination | Gateway | Interface | Flags |
[   18.832643] cloud-init[784]: ci-info: +-------+-------------+---------+-----------+-------+
[   18.839786] cloud-init[784]: ci-info: |   1   |  fe80::/64  |    ::   |   enp0s3  |   U   |
[   18.864952] cloud-init[784]: ci-info: |   3   |    local    |    ::   |   enp0s3  |   U   |
[   18.866433] cloud-init[784]: ci-info: |   4   |   ff00::/8  |    ::   |   enp0s3  |   U   |
[   18.896303] cloud-init[784]: ci-info: +-------+-------------+---------+-----------+-------+
[   20.441116] cloud-init[784]: Generating public/private rsa key pair.
[   20.442603] cloud-init[784]: Your identification has been saved in /etc/ssh/ssh_host_rsa_key.
[   20.448260] cloud-init[784]: Your public key has been saved in /etc/ssh/ssh_host_rsa_key.pub.
[   20.450270] cloud-init[784]: The key fingerprint is:
[   20.457895] cloud-init[784]: SHA256:2vXJhrpmUqnWsDWFtT/SdiTzMFw5y0aWUODxAQx8LwQ root@ubuntu-bionic
[   20.459893] cloud-init[784]: The key's randomart image is:
[   20.461262] cloud-init[784]: +---[RSA 2048]----+
[   20.462448] cloud-init[784]: |         .E+==oo |
[   20.463666] cloud-init[784]: |          o.+oB. |
[   20.469111] cloud-init[784]: |         o =.*.o |
[   20.470323] cloud-init[784]: |        . o B *  |
[   20.471557] cloud-init[784]: |        So.o X   |
[   20.476924] cloud-init[784]: |      .o=..+=.o  |
[   20.508094] cloud-init[784]: |      .B...o=o   |
[   20.509134] cloud-init[784]: |      = +. .     |
[   20.510107] cloud-init[784]: |     . +o.       |
[   20.517899] cloud-init[784]: +----[SHA256]-----+
[   20.538407] cloud-init[784]: Generating public/private dsa key pair.
[   20.539814] cloud-init[784]: Your identification has been saved in /etc/ssh/ssh_host_dsa_key.
[[0;32m  OK  [0m] Started Initial cloud-init job (metadata service crawler).
[[0;32m  OK  [0m] Reached target Network is Online.
[   20.560888] [[0;32m  OK  [0m] Reached target Remote File Systems (Pre).
[[0;32m  OK  [0m] Reached target Remote File Systems.
cloud-init[784]: Your public key has been saved in /etc/ssh/ssh_host_dsa_key.pub.
         Starting Availability of block devices...
[[0;32m  OK  [0m] Reached target Cloud-config availability.
[   20.617315] cloud-init[784]: The key fingerprint is:
[[0;32m  OK  [0m] Reached target System Initialization.
[[   20.659889] cloud-init[784]: SHA256:nALerGzWhfRHX2QT8POcHqBdWfbTwVvPpDEW/PmwOGE root@ubuntu-bionic
[   20.666294] cloud-init[784]: The key's randomart image is:
[   20.667517] cloud-init[784]: +---[DSA 1024]----+
[   20.667675] cloud-init[784]: |            .oB+o|
[   20.667765] cloud-init[784]: |             +=+O|
[   20.667857] cloud-init[784]: |    . .   .  o+@B|
[   20.667948] cloud-init[784]: |   . = + o .E.=**|
[   20.668036] cloud-init[784]: |    . = S .o.+ =+|
[0;32m  OK  [0m] Started Daily apt download activities.
[[0;32m  OK  [0m] Started Discard unused blocks once a week.
[[0;32m  OK  [0m] Listening on UUID daemon activation socket.
[[0;32m  OK  [0m] Started Daily apt upgrade and clean activities.
[[0;32m  OK  [0m] Listening on Open-iSCSI iscsid Socket.
[   20.668122] cloud-init[784]: |   . o o .  o o o|
[[   20.746888] cloud-init[784]: |    = .      . . |
[   20.748001] [0;32m  OK  [0m] Started ACPI Events Check.
[[0;32m  OK  [0m] Reached target Paths.
[[0;32m  OK  [0m] Listening on ACPID Listen Socket.
cloud-init[784]: |   o             |
[   20.753384] cloud-init[784]: |                 |
         [   20.764782] cloud-init[784]: +----[SHA256]-----+
[   20.765953] cloud-init[784]: Generating public/private ecdsa key pair.
[   20.767092] cloud-init[784]: Your identification has been saved in /etc/ssh/ssh_host_ecdsa_key.
[   20.767153] cloud-init[784]: Your public key has been saved in /etc/ssh/ssh_host_ecdsa_key.pub.
[   20.767200] cloud-init[784]: The key fingerprint is:
[   20.767252] cloud-init[784]: SHA256:2rg8GnYUgIMJheWnkDM3vPjt2Sjb+jalwxKOcP61OCw root@ubuntu-bionic
[   20.767307] cloud-init[784]: The key's randomart image is:
[   20.767363] cloud-init[784]: +---[ECDSA 256]---+
[   20.767437] cloud-init[784]: |o*o..            |
[   20.767491] cloud-init[784]: |++o  .           |
[   20.767538] cloud-init[784]: |= =.. .          |
[   20.767578] cloud-init[784]: | * =   .         |
[   20.767663] cloud-init[784]: |. o   . S        |
[   20.767715] cloud-init[784]: |..o. ..+         |
[   20.767756] cloud-init[784]: |.=.++o= .        |
[   20.767795] cloud-init[784]: |. E+OX.o         |
[   20.767834] cloud-init[784]: |  oXX==.         |
[   20.767876] cloud-init[784]: +----[SHA256]-----+
[   20.767918] cloud-init[784]: Generating public/private ed25519 key pair.
[   20.767962] cloud-init[784]: Your identification has been saved in /etc/ssh/ssh_host_ed25519_key.
[   20.768006] cloud-init[784]: Your public key has been saved in /etc/ssh/ssh_host_ed25519_key.pub.
[   20.768056] cloud-init[784]: The key fingerprint is:
[   20.768097] cloud-init[784]: SHA256:SfNxtMJHMacSEe53wJPjdG9h+gU5VtXfhNWfnnisa0M root@ubuntu-bionic
Starting Socket activation for snappy daemon.
[[0;32m  OK  [0m] Started Message of the Day.
[[0;32m  OK  [0m] Started Daily Cleanup of Temporary Directories.
[[0;32m  OK  [0m] Reached target Timers.
[[0;32m  OK  [0m] Listening on D-Bus System Message Bus Socket.[   20.778203] cloud-init[784]: The key's randomart image is:
[   20.833653] cloud-init[784]: +--[ED25519 256]--+
[   20.834831] cloud-init[784]: |          +o=..oB|
[   20.835888] 
cloud-init[784]: |         o = *.o+|
[   20.837266] cloud-init[784]: |        o * % *+=|
[   20.838348] cloud-init[784]: |       . = O *o==|
[   20.840539] cloud-init[784]: |        S o o.= =|
[   20.841981] cloud-init[784]: |           . E.*.|
         Starting LXD - unix socket.
[   20.877995] cloud-init[784]: |            . o. |
[   20.901577] cloud-init[784]: |             +   |
[[0;32m  OK  [0m] Started Availability of block devices.[   20.924747] cloud-init[784]: |            ..o  |
[   20.925739] cloud-init[784]: +----[SHA256]-----+

[[0;32m  OK  [0m] Listening on Socket activation for snappy daemon.
[[0;32m  OK  [0m] Listening on LXD - unix socket.
[[0;32m  OK  [0m] Reached target Sockets.
[[0;32m  OK  [0m] Reached target Basic System.
[[0;32m  OK  [0m] Started Unattended Upgrades Shutdown.
         Starting LSB: Record successful boot for GRUB...
[[0;32m  OK  [0m] Started FUSE filesystem for LXC.
         Starting Virtualbox guest utils...
         Starting Accounts Service...
         Starting Permit User Sessions...
         Starting LSB: automatic crash report generation...
[[0;32m  OK  [0m] Started Regular background program processing daemon.
         Starting Pollinate to seed the pseudo random number generator...
[[0;32m  OK  [0m] Started D-Bus System Message Bus.
         Starting LXD - container startup/shutdown...
         Starting Dispatcher daemon for systemd-networkd...
         Starting System Logging Service...
[[0;32m  OK  [0m] Started irqbalance daemon.
[[0;32m  OK  [0m] Started Deferred execution scheduler.
         Starting Login Service...
         Starting Snappy daemon...
[[0;32m  OK  [0m] Started Permit User Sessions.
[[0;32m  OK  [0m] Started System Logging Service.
[[0;32m  OK  [0m] Started Login Service.
         Starting Authorization Manager...
         Starting Hold until boot process finishes up...
         Starting Terminate Plymouth Boot Screen...
[[0;32m  OK  [0m] Started Hold until boot process finishes up.
[[0;32m  OK  [0m] Started Serial Getty on ttyS0.
         Starting Set console scheme...
[[0;32m  OK  [0m] Started Terminate Plymouth Boot Screen.
[[0;32m  OK  [0m] Started Set console scheme.
[[0;32m  OK  [0m] Started LSB: automatic crash report generation.
[[0;32m  OK  [0m] Started Dispatcher daemon for systemd-networkd.
[[0;32m  OK  [0m] Started LSB: Record successful boot for GRUB.
[[0;32m  OK  [0m] Created slice system-getty.slice.
[[0;32m  OK  [0m] Started Getty on tty1.
[[0;32m  OK  [0m] Reached target Login Prompts.
[[0;32m  OK  [0m] Started Authorization Manager.
[[0;32m  OK  [0m] Started Accounts Service.
[[0;32m  OK  [0m] Started Virtualbox guest utils.
[[0;32m  OK  [0m] Started LXD - container startup/shutdown.
[[0;32m  OK  [0m] Started Snappy daemon.
         Starting Wait until snapd is fully seeded...
[[0;32m  OK  [0m] Started Pollinate to seed the pseudo random number generator.
         Starting OpenBSD Secure Shell server...
[[0;32m  OK  [0m] Started OpenBSD Secure Shell server.
[[0;32m  OK  [0m] Created slice User Slice of vagrant.
[[0;32m  OK  [0m] Started Session 1 of user vagrant.
         Starting User Manager for UID 1000...
[[0;32m  OK  [0m] Started User Manager for UID 1000.

Ubuntu 18.04.1 LTS ubuntu-bionic ttyS0

ubuntu-bionic login: [   39.014663] cloud-init[1799]: Cloud-init v. 18.4-0ubuntu1~18.04.1 running 'modules:config' at Sun, 16 Dec 2018 14:38:36 +0000. Up 37.82 seconds.
ci-info: no authorized ssh keys fingerprints found for user ubuntu.
<14>Dec 16 14:38:38 ec2: 
<14>Dec 16 14:38:38 ec2: #############################################################
<14>Dec 16 14:38:38 ec2: -----BEGIN SSH HOST KEY FINGERPRINTS-----
<14>Dec 16 14:38:38 ec2: 1024 SHA256:nALerGzWhfRHX2QT8POcHqBdWfbTwVvPpDEW/PmwOGE root@ubuntu-bionic (DSA)
<14>Dec 16 14:38:38 ec2: 256 SHA256:2rg8GnYUgIMJheWnkDM3vPjt2Sjb+jalwxKOcP61OCw root@ubuntu-bionic (ECDSA)
<14>Dec 16 14:38:38 ec2: 256 SHA256:SfNxtMJHMacSEe53wJPjdG9h+gU5VtXfhNWfnnisa0M root@ubuntu-bionic (ED25519)
<14>Dec 16 14:38:38 ec2: 2048 SHA256:2vXJhrpmUqnWsDWFtT/SdiTzMFw5y0aWUODxAQx8LwQ root@ubuntu-bionic (RSA)
<14>Dec 16 14:38:38 ec2: -----END SSH HOST KEY FINGERPRINTS-----
<14>Dec 16 14:38:38 ec2: #############################################################
-----BEGIN SSH HOST KEY KEYS-----
ecdsa-sha2-nistp256 AAAAE2VjZHNhLXNoYTItbmlzdHAyNTYAAAAIbmlzdHAyNTYAAABBBMGTrJvclv4SndxSd5VmQ9IU3t6ttNJa57Juha+/BGR+jxFSOhnjQ1gAMPzlxzThQlg/YQ0u4eFov6i4XXDrBVA= root@ubuntu-bionic
ssh-ed25519 AAAAC3NzaC1lZDI1NTE5AAAAIO0Z901wAQuor3kuDraDC8UM4ZdGRdBPZMORrnu3gB3C root@ubuntu-bionic
ssh-rsa AAAAB3NzaC1yc2EAAAADAQABAAABAQC5YPSB0XpSlks2wEpERhqPiXSlzBGMuV+6EK7Ct2wcb70C7qWM9suFCvYSEhSi57nsMhhOjasPTV4cFQ9wl7M4HFUKVQIviBqYIFMd3qNfXPDGAQ5IUoPGNUz4xpflQwbtKT2AsN4liGaHGtPKMveD9W3G5MpCrQrQzDaGsPmPsUIROeFqUnIB2eKknV8235c2FIZpKoCG0rlmNz5NtevhS4kFFUz5gn9c2qsWS60Xkh3KlowP03KDtpIMTF5GGB7mhG3EKS4A1ywVc2KrK8cTFD9baWq9PnzkvRn716imsaeWG9+TwsjCgl4B/PGa+ULg++JU2Q/wwBs9jy4t83Bh root@ubuntu-bionic
-----END SSH HOST KEY KEYS-----
[   39.776811] cloud-init[1922]: Cloud-init v. 18.4-0ubuntu1~18.04.1 running 'modules:final' at Sun, 16 Dec 2018 14:38:38 +0000. Up 39.56 seconds.
[   39.776894] cloud-init[1922]: ci-info: no authorized ssh keys fingerprints found for user ubuntu.
[   39.776952] cloud-init[1922]: Cloud-init v. 18.4-0ubuntu1~18.04.1 finished at Sun, 16 Dec 2018 14:38:38 +0000. Datasource DataSourceNoCloud [seed=/dev/sdb][dsmode=net].  Up 39.76 seconds
